@storybook/cli v8.1.1

info => Cleaning outputDir: ../../../../var/folders/rv/34p8c8q94hl6gkh6ntx0j6wm0000gn/T/chromatic--31845-1I1O3feI3hGi
info => Loading presets
info => Building manager..
info => Manager built (68 ms)
info => Building preview..
info Using tsconfig paths for react-docgen
vite v5.2.11 building for production...
transforming...
✓ 960 modules transformed.
rendering chunks...
computing gzip size...
../../../../var/folders/rv/34p8c8q94hl6gkh6ntx0j6wm0000gn/T/chromatic--31845-1I1O3feI3hGi/iframe.html                                         15.92 kB │ gzip:   4.42 kB
../../../../var/folders/rv/34p8c8q94hl6gkh6ntx0j6wm0000gn/T/chromatic--31845-1I1O3feI3hGi/assets/SampleImage-DZ5zYjLR.jpg                     68.71 kB
../../../../var/folders/rv/34p8c8q94hl6gkh6ntx0j6wm0000gn/T/chromatic--31845-1I1O3feI3hGi/assets/Lato-Black-BNVblb7v.ttf                     114.59 kB
../../../../var/folders/rv/34p8c8q94hl6gkh6ntx0j6wm0000gn/T/chromatic--31845-1I1O3feI3hGi/assets/Lato-Regular-DlqXwnGe.ttf                   120.20 kB
../../../../var/folders/rv/34p8c8q94hl6gkh6ntx0j6wm0000gn/T/chromatic--31845-1I1O3feI3hGi/assets/Lato-Bold-DwBZiKEZ.ttf                      121.79 kB
../../../../var/folders/rv/34p8c8q94hl6gkh6ntx0j6wm0000gn/T/chromatic--31845-1I1O3feI3hGi/assets/FiraMono-Medium-BsTs-Ox5.ttf                168.32 kB
../../../../var/folders/rv/34p8c8q94hl6gkh6ntx0j6wm0000gn/T/chromatic--31845-1I1O3feI3hGi/assets/FiraMono-Regular-DSX8G1KC.ttf               174.60 kB
../../../../var/folders/rv/34p8c8q94hl6gkh6ntx0j6wm0000gn/T/chromatic--31845-1I1O3feI3hGi/assets/FiraSans-Regular-wsX-c0Os.ttf               457.00 kB
../../../../var/folders/rv/34p8c8q94hl6gkh6ntx0j6wm0000gn/T/chromatic--31845-1I1O3feI3hGi/assets/FiraSans-Medium-CwbIWxUG.ttf                457.25 kB
../../../../var/folders/rv/34p8c8q94hl6gkh6ntx0j6wm0000gn/T/chromatic--31845-1I1O3feI3hGi/assets/FiraSans-Bold-Ceas-h-k.ttf                  489.72 kB
../../../../var/folders/rv/34p8c8q94hl6gkh6ntx0j6wm0000gn/T/chromatic--31845-1I1O3feI3hGi/assets/FiraSans-Black-BEx4PzY6.ttf                 491.50 kB
../../../../var/folders/rv/34p8c8q94hl6gkh6ntx0j6wm0000gn/T/chromatic--31845-1I1O3feI3hGi/assets/preview-B4GcaC1c.js                           0.07 kB │ gzip:   0.08 kB
../../../../var/folders/rv/34p8c8q94hl6gkh6ntx0j6wm0000gn/T/chromatic--31845-1I1O3feI3hGi/assets/client-DsaWEuhb.js                            0.12 kB │ gzip:   0.11 kB
../../../../var/folders/rv/34p8c8q94hl6gkh6ntx0j6wm0000gn/T/chromatic--31845-1I1O3feI3hGi/assets/assertThisInitialized-B9jnkVVz.js             0.14 kB │ gzip:   0.13 kB
../../../../var/folders/rv/34p8c8q94hl6gkh6ntx0j6wm0000gn/T/chromatic--31845-1I1O3feI3hGi/assets/timespan-rbMcY-dQ.js                          0.14 kB │ gzip:   0.11 kB
../../../../var/folders/rv/34p8c8q94hl6gkh6ntx0j6wm0000gn/T/chromatic--31845-1I1O3feI3hGi/assets/wait-KMS6RUX2.js                              0.16 kB │ gzip:   0.15 kB
../../../../var/folders/rv/34p8c8q94hl6gkh6ntx0j6wm0000gn/T/chromatic--31845-1I1O3feI3hGi/assets/safeArea-DM28d8P1.js                          0.18 kB │ gzip:   0.12 kB
../../../../var/folders/rv/34p8c8q94hl6gkh6ntx0j6wm0000gn/T/chromatic--31845-1I1O3feI3hGi/assets/useDebounced-BGJBDz8F.js                      0.21 kB │ gzip:   0.18 kB
../../../../var/folders/rv/34p8c8q94hl6gkh6ntx0j6wm0000gn/T/chromatic--31845-1I1O3feI3hGi/assets/TransitionGroupContext-CyK4KFjS.js            0.23 kB │ gzip:   0.21 kB
../../../../var/folders/rv/34p8c8q94hl6gkh6ntx0j6wm0000gn/T/chromatic--31845-1I1O3feI3hGi/assets/strings-DtXErrvq.js                           0.23 kB │ gzip:   0.20 kB
../../../../var/folders/rv/34p8c8q94hl6gkh6ntx0j6wm0000gn/T/chromatic--31845-1I1O3feI3hGi/assets/useMatchMedia-Cm8eQNtm.js                     0.26 kB │ gzip:   0.19 kB
../../../../var/folders/rv/34p8c8q94hl6gkh6ntx0j6wm0000gn/T/chromatic--31845-1I1O3feI3hGi/assets/useInterval-DceOP9gc.js                       0.26 kB │ gzip:   0.20 kB
../../../../var/folders/rv/34p8c8q94hl6gkh6ntx0j6wm0000gn/T/chromatic--31845-1I1O3feI3hGi/assets/ModalDecorator-CXhbbqgf.js                    0.30 kB │ gzip:   0.24 kB
../../../../var/folders/rv/34p8c8q94hl6gkh6ntx0j6wm0000gn/T/chromatic--31845-1I1O3feI3hGi/assets/ModalContext-BVJhz3C9.js                      0.34 kB │ gzip:   0.25 kB
../../../../var/folders/rv/34p8c8q94hl6gkh6ntx0j6wm0000gn/T/chromatic--31845-1I1O3feI3hGi/assets/useResettableState-DavZsBUB.js                0.41 kB │ gzip:   0.28 kB
../../../../var/folders/rv/34p8c8q94hl6gkh6ntx0j6wm0000gn/T/chromatic--31845-1I1O3feI3hGi/assets/Placeholder-B1jVpH__.js                       0.42 kB │ gzip:   0.32 kB
../../../../var/folders/rv/34p8c8q94hl6gkh6ntx0j6wm0000gn/T/chromatic--31845-1I1O3feI3hGi/assets/Checkmark-VOFq275O.js                         0.43 kB │ gzip:   0.34 kB
../../../../var/folders/rv/34p8c8q94hl6gkh6ntx0j6wm0000gn/T/chromatic--31845-1I1O3feI3hGi/assets/index-CRbi4mQH.js                             0.46 kB │ gzip:   0.30 kB
../../../../var/folders/rv/34p8c8q94hl6gkh6ntx0j6wm0000gn/T/chromatic--31845-1I1O3feI3hGi/assets/inheritsLoose-CtFfH6wX.js                     0.47 kB │ gzip:   0.27 kB
../../../../var/folders/rv/34p8c8q94hl6gkh6ntx0j6wm0000gn/T/chromatic--31845-1I1O3feI3hGi/assets/Close-BXLDdFeo.js                             0.48 kB │ gzip:   0.34 kB
../../../../var/folders/rv/34p8c8q94hl6gkh6ntx0j6wm0000gn/T/chromatic--31845-1I1O3feI3hGi/assets/WithTooltip-KJL26V4Q-BhJrYfMq.js              0.50 kB │ gzip:   0.31 kB
../../../../var/folders/rv/34p8c8q94hl6gkh6ntx0j6wm0000gn/T/chromatic--31845-1I1O3feI3hGi/assets/dateTransformer-BEldBXp7.js                   0.50 kB │ gzip:   0.34 kB
../../../../var/folders/rv/34p8c8q94hl6gkh6ntx0j6wm0000gn/T/chromatic--31845-1I1O3feI3hGi/assets/useAlert-CvBuZOd-.js                          0.52 kB │ gzip:   0.33 kB
../../../../var/folders/rv/34p8c8q94hl6gkh6ntx0j6wm0000gn/T/chromatic--31845-1I1O3feI3hGi/assets/syntaxhighlighter-BP7B2CQK-BzWbxyUK.js        0.54 kB │ gzip:   0.35 kB
../../../../var/folders/rv/34p8c8q94hl6gkh6ntx0j6wm0000gn/T/chromatic--31845-1I1O3feI3hGi/assets/PanelTwo-DerM044-.js                          0.57 kB │ gzip:   0.39 kB
../../../../var/folders/rv/34p8c8q94hl6gkh6ntx0j6wm0000gn/T/chromatic--31845-1I1O3feI3hGi/assets/UnreadBadge-uoyvZVS1.js                       0.61 kB │ gzip:   0.42 kB
../../../../var/folders/rv/34p8c8q94hl6gkh6ntx0j6wm0000gn/T/chromatic--31845-1I1O3feI3hGi/assets/DownArrow-BuyH7Oz_.js                         0.62 kB │ gzip:   0.43 kB
../../../../var/folders/rv/34p8c8q94hl6gkh6ntx0j6wm0000gn/T/chromatic--31845-1I1O3feI3hGi/assets/DisclosureArrow-C34A4miw.js                   0.63 kB │ gzip:   0.42 kB
../../../../var/folders/rv/34p8c8q94hl6gkh6ntx0j6wm0000gn/T/chromatic--31845-1I1O3feI3hGi/assets/storybook-DWDYl6DV.js                         0.63 kB │ gzip:   0.45 kB
../../../../var/folders/rv/34p8c8q94hl6gkh6ntx0j6wm0000gn/T/chromatic--31845-1I1O3feI3hGi/assets/useModal-FCxBZk2C.js                          0.63 kB │ gzip:   0.37 kB
../../../../var/folders/rv/34p8c8q94hl6gkh6ntx0j6wm0000gn/T/chromatic--31845-1I1O3feI3hGi/assets/DotDotDot-CgTAFCh0.js                         0.69 kB │ gzip:   0.42 kB
../../../../var/folders/rv/34p8c8q94hl6gkh6ntx0j6wm0000gn/T/chromatic--31845-1I1O3feI3hGi/assets/ModalStoryButtons-BY-jVtbC.js                 0.69 kB │ gzip:   0.41 kB
../../../../var/folders/rv/34p8c8q94hl6gkh6ntx0j6wm0000gn/T/chromatic--31845-1I1O3feI3hGi/assets/_commonjsHelpers-BosuxZz1.js                  0.69 kB │ gzip:   0.38 kB
../../../../var/folders/rv/34p8c8q94hl6gkh6ntx0j6wm0000gn/T/chromatic--31845-1I1O3feI3hGi/assets/preview-BpcF_O6y.js                           0.71 kB │ gzip:   0.50 kB
../../../../var/folders/rv/34p8c8q94hl6gkh6ntx0j6wm0000gn/T/chromatic--31845-1I1O3feI3hGi/assets/numeric-FebRDSMX.js                           0.73 kB │ gzip:   0.47 kB
../../../../var/folders/rv/34p8c8q94hl6gkh6ntx0j6wm0000gn/T/chromatic--31845-1I1O3feI3hGi/assets/index-DrFu-skq.js                             0.77 kB │ gzip:   0.47 kB
../../../../var/folders/rv/34p8c8q94hl6gkh6ntx0j6wm0000gn/T/chromatic--31845-1I1O3feI3hGi/assets/tslib.es6-CRos2fHm.js                         0.77 kB │ gzip:   0.41 kB
../../../../var/folders/rv/34p8c8q94hl6gkh6ntx0j6wm0000gn/T/chromatic--31845-1I1O3feI3hGi/assets/RouterDecorator-C89dQH40.js                   0.78 kB │ gzip:   0.46 kB
../../../../var/folders/rv/34p8c8q94hl6gkh6ntx0j6wm0000gn/T/chromatic--31845-1I1O3feI3hGi/assets/v4-D8aEg3BZ.js                                0.87 kB │ gzip:   0.46 kB
../../../../var/folders/rv/34p8c8q94hl6gkh6ntx0j6wm0000gn/T/chromatic--31845-1I1O3feI3hGi/assets/MockHostProvider-D8VuUFIO.js                  0.89 kB │ gzip:   0.53 kB
../../../../var/folders/rv/34p8c8q94hl6gkh6ntx0j6wm0000gn/T/chromatic--31845-1I1O3feI3hGi/assets/Search-B0uSt-Zi.js                            0.90 kB │ gzip:   0.51 kB
../../../../var/folders/rv/34p8c8q94hl6gkh6ntx0j6wm0000gn/T/chromatic--31845-1I1O3feI3hGi/assets/jsx-runtime-X2b_N9AH.js                       0.92 kB │ gzip:   0.58 kB
../../../../var/folders/rv/34p8c8q94hl6gkh6ntx0j6wm0000gn/T/chromatic--31845-1I1O3feI3hGi/assets/dateRangeTransformer-wO6GQDZ3.js              0.94 kB │ gzip:   0.56 kB
../../../../var/folders/rv/34p8c8q94hl6gkh6ntx0j6wm0000gn/T/chromatic--31845-1I1O3feI3hGi/assets/preview-RIjn6nwl.js                           0.95 kB │ gzip:   0.62 kB
../../../../var/folders/rv/34p8c8q94hl6gkh6ntx0j6wm0000gn/T/chromatic--31845-1I1O3feI3hGi/assets/Clickable-Cyrye1GL.js                         0.96 kB │ gzip:   0.60 kB
../../../../var/folders/rv/34p8c8q94hl6gkh6ntx0j6wm0000gn/T/chromatic--31845-1I1O3feI3hGi/assets/useGesture-C67Ul6ct.js                        0.98 kB │ gzip:   0.52 kB
../../../../var/folders/rv/34p8c8q94hl6gkh6ntx0j6wm0000gn/T/chromatic--31845-1I1O3feI3hGi/assets/useElementSize-DDkpf0L4.js                    0.99 kB │ gzip:   0.51 kB
../../../../var/folders/rv/34p8c8q94hl6gkh6ntx0j6wm0000gn/T/chromatic--31845-1I1O3feI3hGi/assets/PopupButton-DPnQlXoP.js                       1.06 kB │ gzip:   0.60 kB
../../../../var/folders/rv/34p8c8q94hl6gkh6ntx0j6wm0000gn/T/chromatic--31845-1I1O3feI3hGi/assets/DataTab-COcG4Lg1.js                           1.09 kB │ gzip:   0.63 kB
../../../../var/folders/rv/34p8c8q94hl6gkh6ntx0j6wm0000gn/T/chromatic--31845-1I1O3feI3hGi/assets/useInputValue-Bc1SxgXy.js                     1.09 kB │ gzip:   0.58 kB
../../../../var/folders/rv/34p8c8q94hl6gkh6ntx0j6wm0000gn/T/chromatic--31845-1I1O3feI3hGi/assets/Donut-B44dPpaD.js                             1.11 kB │ gzip:   0.66 kB
../../../../var/folders/rv/34p8c8q94hl6gkh6ntx0j6wm0000gn/T/chromatic--31845-1I1O3feI3hGi/assets/Badge.stories-KPQOoXhd.js                     1.11 kB │ gzip:   0.67 kB
../../../../var/folders/rv/34p8c8q94hl6gkh6ntx0j6wm0000gn/T/chromatic--31845-1I1O3feI3hGi/assets/Notice-C59b-k5K.js                            1.14 kB │ gzip:   0.63 kB
../../../../var/folders/rv/34p8c8q94hl6gkh6ntx0j6wm0000gn/T/chromatic--31845-1I1O3feI3hGi/assets/easing-DGF-J9Fd.js                            1.15 kB │ gzip:   0.36 kB
../../../../var/folders/rv/34p8c8q94hl6gkh6ntx0j6wm0000gn/T/chromatic--31845-1I1O3feI3hGi/assets/PageOne-1msT0MK2.js                           1.22 kB │ gzip:   0.66 kB
../../../../var/folders/rv/34p8c8q94hl6gkh6ntx0j6wm0000gn/T/chromatic--31845-1I1O3feI3hGi/assets/useAsyncTask-DUM3fDmr.js                      1.24 kB │ gzip:   0.57 kB
../../../../var/folders/rv/34p8c8q94hl6gkh6ntx0j6wm0000gn/T/chromatic--31845-1I1O3feI3hGi/assets/PanelOne-BnECBgqb.js                          1.25 kB │ gzip:   0.72 kB
../../../../var/folders/rv/34p8c8q94hl6gkh6ntx0j6wm0000gn/T/chromatic--31845-1I1O3feI3hGi/assets/useResettableState.stories-Ce2JY4bU.js        1.39 kB │ gzip:   0.75 kB
../../../../var/folders/rv/34p8c8q94hl6gkh6ntx0j6wm0000gn/T/chromatic--31845-1I1O3feI3hGi/assets/Spinner-BqoU4K98.js                           1.49 kB │ gzip:   0.75 kB
../../../../var/folders/rv/34p8c8q94hl6gkh6ntx0j6wm0000gn/T/chromatic--31845-1I1O3feI3hGi/assets/ToolbarTab-CC3uF1f-.js                        1.55 kB │ gzip:   0.71 kB
../../../../var/folders/rv/34p8c8q94hl6gkh6ntx0j6wm0000gn/T/chromatic--31845-1I1O3feI3hGi/assets/LoadingCurtain-DZ4t1Mq7.js                    1.63 kB │ gzip:   0.78 kB
../../../../var/folders/rv/34p8c8q94hl6gkh6ntx0j6wm0000gn/T/chromatic--31845-1I1O3feI3hGi/assets/chunk-MZXVCX43-DWuJqIWT.js                    1.63 kB │ gzip:   0.91 kB
../../../../var/folders/rv/34p8c8q94hl6gkh6ntx0j6wm0000gn/T/chromatic--31845-1I1O3feI3hGi/assets/DateRange-Cs_0qYmp.js                         1.73 kB │ gzip:   0.54 kB
../../../../var/folders/rv/34p8c8q94hl6gkh6ntx0j6wm0000gn/T/chromatic--31845-1I1O3feI3hGi/assets/entry-preview-w_JFXV1W.js                     1.76 kB │ gzip:   0.96 kB
../../../../var/folders/rv/34p8c8q94hl6gkh6ntx0j6wm0000gn/T/chromatic--31845-1I1O3feI3hGi/assets/Warning-DMFafM9o.js                           1.77 kB │ gzip:   0.91 kB
../../../../var/folders/rv/34p8c8q94hl6gkh6ntx0j6wm0000gn/T/chromatic--31845-1I1O3feI3hGi/assets/useElementSize.stories-nyKzvsnT.js            1.77 kB │ gzip:   0.98 kB
../../../../var/folders/rv/34p8c8q94hl6gkh6ntx0j6wm0000gn/T/chromatic--31845-1I1O3feI3hGi/assets/ImportTab-C0UHzQpf.js                         1.80 kB │ gzip:   0.89 kB
../../../../var/folders/rv/34p8c8q94hl6gkh6ntx0j6wm0000gn/T/chromatic--31845-1I1O3feI3hGi/assets/Switch-D5QWUKE5.js                            1.80 kB │ gzip:   0.94 kB
../../../../var/folders/rv/34p8c8q94hl6gkh6ntx0j6wm0000gn/T/chromatic--31845-1I1O3feI3hGi/assets/PopupView.stories-D3tjoKTN.js                 1.91 kB │ gzip:   0.83 kB
../../../../var/folders/rv/34p8c8q94hl6gkh6ntx0j6wm0000gn/T/chromatic--31845-1I1O3feI3hGi/assets/Donut.stories-BkgNl6jU.js                     1.94 kB │ gzip:   0.68 kB
../../../../var/folders/rv/34p8c8q94hl6gkh6ntx0j6wm0000gn/T/chromatic--31845-1I1O3feI3hGi/assets/preview-Djt1JTQx.js                           1.97 kB │ gzip:   0.74 kB
../../../../var/folders/rv/34p8c8q94hl6gkh6ntx0j6wm0000gn/T/chromatic--31845-1I1O3feI3hGi/assets/dateTransformer.stories-By2PCa5q.js           1.98 kB │ gzip:   1.02 kB
../../../../var/folders/rv/34p8c8q94hl6gkh6ntx0j6wm0000gn/T/chromatic--31845-1I1O3feI3hGi/assets/SiteLayout.stories-VnmSOeEu.js                2.01 kB │ gzip:   0.99 kB
../../../../var/folders/rv/34p8c8q94hl6gkh6ntx0j6wm0000gn/T/chromatic--31845-1I1O3feI3hGi/assets/Router-Cd1jzV0n.js                            2.02 kB │ gzip:   0.97 kB
../../../../var/folders/rv/34p8c8q94hl6gkh6ntx0j6wm0000gn/T/chromatic--31845-1I1O3feI3hGi/assets/Select-DEGiJOpV.js                            2.06 kB │ gzip:   1.07 kB
../../../../var/folders/rv/34p8c8q94hl6gkh6ntx0j6wm0000gn/T/chromatic--31845-1I1O3feI3hGi/assets/HostContext-Bka5TVmc.js                       2.06 kB │ gzip:   1.02 kB
../../../../var/folders/rv/34p8c8q94hl6gkh6ntx0j6wm0000gn/T/chromatic--31845-1I1O3feI3hGi/assets/Select.stories-DBxKwbcs.js                    2.07 kB │ gzip:   0.74 kB
../../../../var/folders/rv/34p8c8q94hl6gkh6ntx0j6wm0000gn/T/chromatic--31845-1I1O3feI3hGi/assets/SeparatorLayout--fbpn5XB.js                   2.08 kB │ gzip:   0.86 kB
../../../../var/folders/rv/34p8c8q94hl6gkh6ntx0j6wm0000gn/T/chromatic--31845-1I1O3feI3hGi/assets/Notice.stories-lDfcE8Xb.js                    2.10 kB │ gzip:   0.83 kB
../../../../var/folders/rv/34p8c8q94hl6gkh6ntx0j6wm0000gn/T/chromatic--31845-1I1O3feI3hGi/assets/BrowserSimulator-CnJPjjw4.js                  2.11 kB │ gzip:   1.02 kB
../../../../var/folders/rv/34p8c8q94hl6gkh6ntx0j6wm0000gn/T/chromatic--31845-1I1O3feI3hGi/assets/useActions.stories-LRtkO8_1.js                2.16 kB │ gzip:   1.04 kB
../../../../var/folders/rv/34p8c8q94hl6gkh6ntx0j6wm0000gn/T/chromatic--31845-1I1O3feI3hGi/assets/Navs-BUw1AOxY.js                              2.19 kB │ gzip:   1.14 kB
../../../../var/folders/rv/34p8c8q94hl6gkh6ntx0j6wm0000gn/T/chromatic--31845-1I1O3feI3hGi/assets/utc-BUuWioZ3.js                               2.20 kB │ gzip:   0.98 kB
../../../../var/folders/rv/34p8c8q94hl6gkh6ntx0j6wm0000gn/T/chromatic--31845-1I1O3feI3hGi/assets/dateRangeTransformer.stories-C551HhzG.js      2.22 kB │ gzip:   1.09 kB
../../../../var/folders/rv/34p8c8q94hl6gkh6ntx0j6wm0000gn/T/chromatic--31845-1I1O3feI3hGi/assets/Heading.stories-DKgwocFE.js                   2.22 kB │ gzip:   1.03 kB
../../../../var/folders/rv/34p8c8q94hl6gkh6ntx0j6wm0000gn/T/chromatic--31845-1I1O3feI3hGi/assets/DateRangePicker-BkNrtlIm.js                   2.25 kB │ gzip:   1.06 kB
../../../../var/folders/rv/34p8c8q94hl6gkh6ntx0j6wm0000gn/T/chromatic--31845-1I1O3feI3hGi/assets/useConfirm.stories-Dw4Jr1Fe.js                2.32 kB │ gzip:   1.14 kB
../../../../var/folders/rv/34p8c8q94hl6gkh6ntx0j6wm0000gn/T/chromatic--31845-1I1O3feI3hGi/assets/useBanner-CZMLnh1m.js                         2.34 kB │ gzip:   1.15 kB
../../../../var/folders/rv/34p8c8q94hl6gkh6ntx0j6wm0000gn/T/chromatic--31845-1I1O3feI3hGi/assets/smoothScroll.stories-OmvgLTjb.js              2.34 kB │ gzip:   1.21 kB
../../../../var/folders/rv/34p8c8q94hl6gkh6ntx0j6wm0000gn/T/chromatic--31845-1I1O3feI3hGi/assets/DateRangeInput.stories-D_nWDXZa.js            2.37 kB │ gzip:   1.22 kB
../../../../var/folders/rv/34p8c8q94hl6gkh6ntx0j6wm0000gn/T/chromatic--31845-1I1O3feI3hGi/assets/Tabs.stories-DUkFNxgx.js                      2.37 kB │ gzip:   1.12 kB
../../../../var/folders/rv/34p8c8q94hl6gkh6ntx0j6wm0000gn/T/chromatic--31845-1I1O3feI3hGi/assets/BannerView-qdCtTh6K.js                        2.41 kB │ gzip:   1.03 kB
../../../../var/folders/rv/34p8c8q94hl6gkh6ntx0j6wm0000gn/T/chromatic--31845-1I1O3feI3hGi/assets/useInfiniteScroll.stories--lpmQDY3.js         2.43 kB │ gzip:   1.28 kB
../../../../var/folders/rv/34p8c8q94hl6gkh6ntx0j6wm0000gn/T/chromatic--31845-1I1O3feI3hGi/assets/flattenChildren-DWhWEZ2V.js                   2.47 kB │ gzip:   0.98 kB
../../../../var/folders/rv/34p8c8q94hl6gkh6ntx0j6wm0000gn/T/chromatic--31845-1I1O3feI3hGi/assets/AspectLayout.stories-DOxQRqIX.js              2.65 kB │ gzip:   1.32 kB
../../../../var/folders/rv/34p8c8q94hl6gkh6ntx0j6wm0000gn/T/chromatic--31845-1I1O3feI3hGi/assets/TransitionGroup-D_8NrnWy.js                   2.65 kB │ gzip:   1.14 kB
../../../../var/folders/rv/34p8c8q94hl6gkh6ntx0j6wm0000gn/T/chromatic--31845-1I1O3feI3hGi/assets/ExpandButton.stories-A8ncRjUz.js              2.67 kB │ gzip:   1.19 kB
../../../../var/folders/rv/34p8c8q94hl6gkh6ntx0j6wm0000gn/T/chromatic--31845-1I1O3feI3hGi/assets/colors.stories-B0p-7Gh9.js                    2.67 kB │ gzip:   1.22 kB
../../../../var/folders/rv/34p8c8q94hl6gkh6ntx0j6wm0000gn/T/chromatic--31845-1I1O3feI3hGi/assets/Timestamp.stories-5m5XY-mb.js                 2.70 kB │ gzip:   1.03 kB
../../../../var/folders/rv/34p8c8q94hl6gkh6ntx0j6wm0000gn/T/chromatic--31845-1I1O3feI3hGi/assets/LoadingCurtain.stories-BTkoLVsm.js            2.73 kB │ gzip:   0.89 kB
../../../../var/folders/rv/34p8c8q94hl6gkh6ntx0j6wm0000gn/T/chromatic--31845-1I1O3feI3hGi/assets/preview-DJ7cregD.js                           2.73 kB │ gzip:   1.37 kB
../../../../var/folders/rv/34p8c8q94hl6gkh6ntx0j6wm0000gn/T/chromatic--31845-1I1O3feI3hGi/assets/Link-BdUtdxOh.js                              2.74 kB │ gzip:   1.36 kB
../../../../var/folders/rv/34p8c8q94hl6gkh6ntx0j6wm0000gn/T/chromatic--31845-1I1O3feI3hGi/assets/ModalRootProvider-BEdaKUOD.js                 2.74 kB │ gzip:   1.30 kB
../../../../var/folders/rv/34p8c8q94hl6gkh6ntx0j6wm0000gn/T/chromatic--31845-1I1O3feI3hGi/assets/AlertView-aJLi_Apv.js                         2.79 kB │ gzip:   1.17 kB
../../../../var/folders/rv/34p8c8q94hl6gkh6ntx0j6wm0000gn/T/chromatic--31845-1I1O3feI3hGi/assets/SearchInput.stories-BH5Qh2iF.js               2.79 kB │ gzip:   1.14 kB
../../../../var/folders/rv/34p8c8q94hl6gkh6ntx0j6wm0000gn/T/chromatic--31845-1I1O3feI3hGi/assets/MasterDetail.stories-C8MlQlD4.js              2.82 kB │ gzip:   1.18 kB
../../../../var/folders/rv/34p8c8q94hl6gkh6ntx0j6wm0000gn/T/chromatic--31845-1I1O3feI3hGi/assets/useAsyncTask.stories-CyE1aJl_.js              2.87 kB │ gzip:   1.18 kB
../../../../var/folders/rv/34p8c8q94hl6gkh6ntx0j6wm0000gn/T/chromatic--31845-1I1O3feI3hGi/assets/ExternalLink.stories-BBmmnZ_Y.js              2.87 kB │ gzip:   1.32 kB
../../../../var/folders/rv/34p8c8q94hl6gkh6ntx0j6wm0000gn/T/chromatic--31845-1I1O3feI3hGi/assets/NoContent-B1GUsMPj.js                         2.89 kB │ gzip:   1.07 kB
../../../../var/folders/rv/34p8c8q94hl6gkh6ntx0j6wm0000gn/T/chromatic--31845-1I1O3feI3hGi/assets/SwitchTab-IsqjQHyh.js                         2.92 kB │ gzip:   1.34 kB
../../../../var/folders/rv/34p8c8q94hl6gkh6ntx0j6wm0000gn/T/chromatic--31845-1I1O3feI3hGi/assets/PageTwo-BdkylZCl.js                           2.96 kB │ gzip:   1.40 kB
../../../../var/folders/rv/34p8c8q94hl6gkh6ntx0j6wm0000gn/T/chromatic--31845-1I1O3feI3hGi/assets/NavsTab-DcD1Skc2.js                           3.09 kB │ gzip:   1.45 kB
../../../../var/folders/rv/34p8c8q94hl6gkh6ntx0j6wm0000gn/T/chromatic--31845-1I1O3feI3hGi/assets/timeRangeTransformer.stories-e3YVcLYb.js      3.11 kB │ gzip:   1.51 kB
../../../../var/folders/rv/34p8c8q94hl6gkh6ntx0j6wm0000gn/T/chromatic--31845-1I1O3feI3hGi/assets/preview-CwqMn10d.js                           3.19 kB │ gzip:   1.37 kB
../../../../var/folders/rv/34p8c8q94hl6gkh6ntx0j6wm0000gn/T/chromatic--31845-1I1O3feI3hGi/assets/Checkbox.stories-CLK_YTF4.js                  3.21 kB │ gzip:   1.34 kB
../../../../var/folders/rv/34p8c8q94hl6gkh6ntx0j6wm0000gn/T/chromatic--31845-1I1O3feI3hGi/assets/Button-DAXzJTdZ.js                            3.28 kB │ gzip:   1.20 kB
../../../../var/folders/rv/34p8c8q94hl6gkh6ntx0j6wm0000gn/T/chromatic--31845-1I1O3feI3hGi/assets/ColorView-D_yqtvs8.js                         3.28 kB │ gzip:   1.12 kB
../../../../var/folders/rv/34p8c8q94hl6gkh6ntx0j6wm0000gn/T/chromatic--31845-1I1O3feI3hGi/assets/LinkButton-C0Kicy3p.js                        3.31 kB │ gzip:   1.28 kB
../../../../var/folders/rv/34p8c8q94hl6gkh6ntx0j6wm0000gn/T/chromatic--31845-1I1O3feI3hGi/assets/ResponsiveLayout.stories-D2bsP_jt.js          3.33 kB │ gzip:   1.46 kB
../../../../var/folders/rv/34p8c8q94hl6gkh6ntx0j6wm0000gn/T/chromatic--31845-1I1O3feI3hGi/assets/TextCell-Dj6_iLqa.js                          3.33 kB │ gzip:   1.21 kB
../../../../var/folders/rv/34p8c8q94hl6gkh6ntx0j6wm0000gn/T/chromatic--31845-1I1O3feI3hGi/assets/StatusBadge.stories-DxykP3ib.js               3.34 kB │ gzip:   0.97 kB
../../../../var/folders/rv/34p8c8q94hl6gkh6ntx0j6wm0000gn/T/chromatic--31845-1I1O3feI3hGi/assets/useAlert.stories-1q_lnltM.js                  3.35 kB │ gzip:   1.27 kB
../../../../var/folders/rv/34p8c8q94hl6gkh6ntx0j6wm0000gn/T/chromatic--31845-1I1O3feI3hGi/assets/SitePageTitle-S5_IKPQE.js                     3.38 kB │ gzip:   1.45 kB
../../../../var/folders/rv/34p8c8q94hl6gkh6ntx0j6wm0000gn/T/chromatic--31845-1I1O3feI3hGi/assets/ProgressBar.stories-DW71TMVX.js               3.39 kB │ gzip:   1.34 kB
../../../../var/folders/rv/34p8c8q94hl6gkh6ntx0j6wm0000gn/T/chromatic--31845-1I1O3feI3hGi/assets/BannerLayout.stories-BVHFYBlX.js              3.41 kB │ gzip:   1.57 kB
../../../../var/folders/rv/34p8c8q94hl6gkh6ntx0j6wm0000gn/T/chromatic--31845-1I1O3feI3hGi/assets/NavTitleView-CQn8B6lk.js                      3.42 kB │ gzip:   1.40 kB
../../../../var/folders/rv/34p8c8q94hl6gkh6ntx0j6wm0000gn/T/chromatic--31845-1I1O3feI3hGi/assets/Toggle.stories-B2lhsodi.js                    3.43 kB │ gzip:   1.12 kB
../../../../var/folders/rv/34p8c8q94hl6gkh6ntx0j6wm0000gn/T/chromatic--31845-1I1O3feI3hGi/assets/ImageViewer.stories-BNnQ84Kg.js               3.53 kB │ gzip:   1.68 kB
../../../../var/folders/rv/34p8c8q94hl6gkh6ntx0j6wm0000gn/T/chromatic--31845-1I1O3feI3hGi/assets/BannerView.stories-DOmo0MZf.js                3.55 kB │ gzip:   0.99 kB
../../../../var/folders/rv/34p8c8q94hl6gkh6ntx0j6wm0000gn/T/chromatic--31845-1I1O3feI3hGi/assets/useErrorAlert-DdVrKIgw.js                     3.59 kB │ gzip:   1.67 kB
../../../../var/folders/rv/34p8c8q94hl6gkh6ntx0j6wm0000gn/T/chromatic--31845-1I1O3feI3hGi/assets/TextInput-BEgREFOz.js                         3.59 kB │ gzip:   1.66 kB
../../../../var/folders/rv/34p8c8q94hl6gkh6ntx0j6wm0000gn/T/chromatic--31845-1I1O3feI3hGi/assets/customParseFormat-B_bYg08-.js                 3.66 kB │ gzip:   1.84 kB
../../../../var/folders/rv/34p8c8q94hl6gkh6ntx0j6wm0000gn/T/chromatic--31845-1I1O3feI3hGi/assets/useBanner.stories-BUxFVRnK.js                 3.71 kB │ gzip:   1.47 kB
../../../../var/folders/rv/34p8c8q94hl6gkh6ntx0j6wm0000gn/T/chromatic--31845-1I1O3feI3hGi/assets/useDialog-B_2nYUIc.js                         3.73 kB │ gzip:   1.54 kB
../../../../var/folders/rv/34p8c8q94hl6gkh6ntx0j6wm0000gn/T/chromatic--31845-1I1O3feI3hGi/assets/ToggleButton.stories-GUhO7lxY.js              3.88 kB │ gzip:   1.47 kB
../../../../var/folders/rv/34p8c8q94hl6gkh6ntx0j6wm0000gn/T/chromatic--31845-1I1O3feI3hGi/assets/NoContent.stories-DDLgTFbg.js                 3.91 kB │ gzip:   1.25 kB
../../../../var/folders/rv/34p8c8q94hl6gkh6ntx0j6wm0000gn/T/chromatic--31845-1I1O3feI3hGi/assets/useDialog.stories-CnNK-d6p.js                 3.96 kB │ gzip:   1.64 kB
../../../../var/folders/rv/34p8c8q94hl6gkh6ntx0j6wm0000gn/T/chromatic--31845-1I1O3feI3hGi/assets/CalendarView.stories-DMCEbava.js              4.02 kB │ gzip:   1.40 kB
../../../../var/folders/rv/34p8c8q94hl6gkh6ntx0j6wm0000gn/T/chromatic--31845-1I1O3feI3hGi/assets/FileInput.stories-53WBkEY6.js                 4.05 kB │ gzip:   1.57 kB
../../../../var/folders/rv/34p8c8q94hl6gkh6ntx0j6wm0000gn/T/chromatic--31845-1I1O3feI3hGi/assets/ButtonGroup.stories-DIOyjiQG.js               4.11 kB │ gzip:   1.44 kB
../../../../var/folders/rv/34p8c8q94hl6gkh6ntx0j6wm0000gn/T/chromatic--31845-1I1O3feI3hGi/assets/useSheet.stories-Dt7GHudF.js                  4.14 kB │ gzip:   1.45 kB
../../../../var/folders/rv/34p8c8q94hl6gkh6ntx0j6wm0000gn/T/chromatic--31845-1I1O3feI3hGi/assets/LinkButton.stories-DHJxFZ-B.js                4.14 kB │ gzip:   1.14 kB
../../../../var/folders/rv/34p8c8q94hl6gkh6ntx0j6wm0000gn/T/chromatic--31845-1I1O3feI3hGi/assets/TextArea-D2ePSaB-.js                          4.32 kB │ gzip:   1.91 kB
../../../../var/folders/rv/34p8c8q94hl6gkh6ntx0j6wm0000gn/T/chromatic--31845-1I1O3feI3hGi/assets/RouterContext-BHoOQew8.js                     4.35 kB │ gzip:   1.80 kB
../../../../var/folders/rv/34p8c8q94hl6gkh6ntx0j6wm0000gn/T/chromatic--31845-1I1O3feI3hGi/assets/LabeledCheckmark.stories-CUWehlTv.js          4.39 kB │ gzip:   1.57 kB
../../../../var/folders/rv/34p8c8q94hl6gkh6ntx0j6wm0000gn/T/chromatic--31845-1I1O3feI3hGi/assets/DateRangeControl-Cb6navY9.js                  4.45 kB │ gzip:   2.08 kB
../../../../var/folders/rv/34p8c8q94hl6gkh6ntx0j6wm0000gn/T/chromatic--31845-1I1O3feI3hGi/assets/Slider.stories-C0OFbwz_.js                    4.46 kB │ gzip:   1.80 kB
../../../../var/folders/rv/34p8c8q94hl6gkh6ntx0j6wm0000gn/T/chromatic--31845-1I1O3feI3hGi/assets/LabeledTextArea.stories-DHxzMLBq.js           4.53 kB │ gzip:   1.60 kB
../../../../var/folders/rv/34p8c8q94hl6gkh6ntx0j6wm0000gn/T/chromatic--31845-1I1O3feI3hGi/assets/SearchInput-DSFHmVyy.js                       4.61 kB │ gzip:   2.05 kB
../../../../var/folders/rv/34p8c8q94hl6gkh6ntx0j6wm0000gn/T/chromatic--31845-1I1O3feI3hGi/assets/ProgressView.stories-BOV23UV_.js              4.61 kB │ gzip:   1.35 kB
../../../../var/folders/rv/34p8c8q94hl6gkh6ntx0j6wm0000gn/T/chromatic--31845-1I1O3feI3hGi/assets/TextCell.stories-CEhtETbQ.js                  4.62 kB │ gzip:   1.35 kB
../../../../var/folders/rv/34p8c8q94hl6gkh6ntx0j6wm0000gn/T/chromatic--31845-1I1O3feI3hGi/assets/DateRangeInput-ss7ikEkT.js                    4.67 kB │ gzip:   2.15 kB
../../../../var/folders/rv/34p8c8q94hl6gkh6ntx0j6wm0000gn/T/chromatic--31845-1I1O3feI3hGi/assets/Timestamp-DrfLFlTo.js                         4.69 kB │ gzip:   2.22 kB
../../../../var/folders/rv/34p8c8q94hl6gkh6ntx0j6wm0000gn/T/chromatic--31845-1I1O3feI3hGi/assets/SuspenseSite.stories-D3f6zcRq.js              4.69 kB │ gzip:   1.95 kB
../../../../var/folders/rv/34p8c8q94hl6gkh6ntx0j6wm0000gn/T/chromatic--31845-1I1O3feI3hGi/assets/MobileToolbar.stories-z6-FlPLK.js             4.70 kB │ gzip:   1.91 kB
../../../../var/folders/rv/34p8c8q94hl6gkh6ntx0j6wm0000gn/T/chromatic--31845-1I1O3feI3hGi/assets/LabeledTextInput.stories-CvPZqirc.js          4.90 kB │ gzip:   1.67 kB
../../../../var/folders/rv/34p8c8q94hl6gkh6ntx0j6wm0000gn/T/chromatic--31845-1I1O3feI3hGi/assets/NavLayout-CJaEN4M0.js                         4.95 kB │ gzip:   1.93 kB
../../../../var/folders/rv/34p8c8q94hl6gkh6ntx0j6wm0000gn/T/chromatic--31845-1I1O3feI3hGi/assets/TextInput.stories-Dw75YJXY.js                 4.98 kB │ gzip:   1.58 kB
../../../../var/folders/rv/34p8c8q94hl6gkh6ntx0j6wm0000gn/T/chromatic--31845-1I1O3feI3hGi/assets/SetupLayout.stories-C68Y24mg.js               5.13 kB │ gzip:   2.03 kB
../../../../var/folders/rv/34p8c8q94hl6gkh6ntx0j6wm0000gn/T/chromatic--31845-1I1O3feI3hGi/assets/NavLayout.stories-P6mCNb3N.js                 5.25 kB │ gzip:   1.59 kB
../../../../var/folders/rv/34p8c8q94hl6gkh6ntx0j6wm0000gn/T/chromatic--31845-1I1O3feI3hGi/assets/PopupMenu-CU2lQLRu.js                         5.28 kB │ gzip:   1.66 kB
../../../../var/folders/rv/34p8c8q94hl6gkh6ntx0j6wm0000gn/T/chromatic--31845-1I1O3feI3hGi/assets/useProgressAlert.stories-CWJqkUun.js          5.39 kB │ gzip:   1.85 kB
../../../../var/folders/rv/34p8c8q94hl6gkh6ntx0j6wm0000gn/T/chromatic--31845-1I1O3feI3hGi/assets/SuspenseApp.stories-DRkSmoKt.js               5.45 kB │ gzip:   2.07 kB
../../../../var/folders/rv/34p8c8q94hl6gkh6ntx0j6wm0000gn/T/chromatic--31845-1I1O3feI3hGi/assets/LabeledToggle.stories-B-Hvfn46.js             5.47 kB │ gzip:   1.76 kB
../../../../var/folders/rv/34p8c8q94hl6gkh6ntx0j6wm0000gn/T/chromatic--31845-1I1O3feI3hGi/assets/Toggle-qzkizPDY.js                            5.48 kB │ gzip:   1.78 kB
../../../../var/folders/rv/34p8c8q94hl6gkh6ntx0j6wm0000gn/T/chromatic--31845-1I1O3feI3hGi/assets/ActionMenu.stories-CuQ0ps4S.js                5.48 kB │ gzip:   1.50 kB
../../../../var/folders/rv/34p8c8q94hl6gkh6ntx0j6wm0000gn/T/chromatic--31845-1I1O3feI3hGi/assets/StatusBanner.stories-Dg-4A2FX.js              5.56 kB │ gzip:   1.68 kB
../../../../var/folders/rv/34p8c8q94hl6gkh6ntx0j6wm0000gn/T/chromatic--31845-1I1O3feI3hGi/assets/SiteSidebar.stories-2k6CH50V.js               5.56 kB │ gzip:   2.46 kB
../../../../var/folders/rv/34p8c8q94hl6gkh6ntx0j6wm0000gn/T/chromatic--31845-1I1O3feI3hGi/assets/usePrompt-DuxFRcTI.js                         5.76 kB │ gzip:   1.58 kB
../../../../var/folders/rv/34p8c8q94hl6gkh6ntx0j6wm0000gn/T/chromatic--31845-1I1O3feI3hGi/assets/AlertView.stories-D_aq7nt0.js                 5.77 kB │ gzip:   1.79 kB
../../../../var/folders/rv/34p8c8q94hl6gkh6ntx0j6wm0000gn/T/chromatic--31845-1I1O3feI3hGi/assets/LabeledSelect.stories-EVZtP4KF.js             5.81 kB │ gzip:   1.69 kB
../../../../var/folders/rv/34p8c8q94hl6gkh6ntx0j6wm0000gn/T/chromatic--31845-1I1O3feI3hGi/assets/useSheet-DlLls-Lw.js                          5.85 kB │ gzip:   2.02 kB
../../../../var/folders/rv/34p8c8q94hl6gkh6ntx0j6wm0000gn/T/chromatic--31845-1I1O3feI3hGi/assets/LabeledDateRangeInput.stories-CiXdhTSq.js     6.02 kB │ gzip:   2.32 kB
../../../../var/folders/rv/34p8c8q94hl6gkh6ntx0j6wm0000gn/T/chromatic--31845-1I1O3feI3hGi/assets/app.stories-DXWEU32W.js                       6.02 kB │ gzip:   1.77 kB
../../../../var/folders/rv/34p8c8q94hl6gkh6ntx0j6wm0000gn/T/chromatic--31845-1I1O3feI3hGi/assets/browser-DWiQGuaB.js                           6.09 kB │ gzip:   2.56 kB
../../../../var/folders/rv/34p8c8q94hl6gkh6ntx0j6wm0000gn/T/chromatic--31845-1I1O3feI3hGi/assets/LabeledContentEditable.stories-DkgpX5Ai.js    6.41 kB │ gzip:   2.15 kB
../../../../var/folders/rv/34p8c8q94hl6gkh6ntx0j6wm0000gn/T/chromatic--31845-1I1O3feI3hGi/assets/TabbedButtonLayout-BrDlvtWC.js                6.47 kB │ gzip:   2.54 kB
../../../../var/folders/rv/34p8c8q94hl6gkh6ntx0j6wm0000gn/T/chromatic--31845-1I1O3feI3hGi/assets/TextArea.stories-DxIHO1el.js                  6.48 kB │ gzip:   2.02 kB
../../../../var/folders/rv/34p8c8q94hl6gkh6ntx0j6wm0000gn/T/chromatic--31845-1I1O3feI3hGi/assets/LabeledDateInput.stories-D-jyqR3N.js          6.52 kB │ gzip:   2.48 kB
../../../../var/folders/rv/34p8c8q94hl6gkh6ntx0j6wm0000gn/T/chromatic--31845-1I1O3feI3hGi/assets/PopupMenu.stories-DMuhQEDf.js                 6.62 kB │ gzip:   2.16 kB
../../../../var/folders/rv/34p8c8q94hl6gkh6ntx0j6wm0000gn/T/chromatic--31845-1I1O3feI3hGi/assets/usePrompt.stories-yFXRW5dl.js                 6.77 kB │ gzip:   1.96 kB
../../../../var/folders/rv/34p8c8q94hl6gkh6ntx0j6wm0000gn/T/chromatic--31845-1I1O3feI3hGi/assets/ProgressView-nFi1xErh.js                      6.79 kB │ gzip:   1.50 kB
../../../../var/folders/rv/34p8c8q94hl6gkh6ntx0j6wm0000gn/T/chromatic--31845-1I1O3feI3hGi/assets/CSSTransition-Rq3CxN5e.js                     7.01 kB │ gzip:   2.36 kB
../../../../var/folders/rv/34p8c8q94hl6gkh6ntx0j6wm0000gn/T/chromatic--31845-1I1O3feI3hGi/assets/NumberLabel.stories-D-EBarL9.js               7.11 kB │ gzip:   2.72 kB
../../../../var/folders/rv/34p8c8q94hl6gkh6ntx0j6wm0000gn/T/chromatic--31845-1I1O3feI3hGi/assets/dayjs.min-BIwLhz4I.js                         7.11 kB │ gzip:   3.10 kB
../../../../var/folders/rv/34p8c8q94hl6gkh6ntx0j6wm0000gn/T/chromatic--31845-1I1O3feI3hGi/assets/index-uCp2LrAq.js                             7.18 kB │ gzip:   2.92 kB
../../../../var/folders/rv/34p8c8q94hl6gkh6ntx0j6wm0000gn/T/chromatic--31845-1I1O3feI3hGi/assets/usePopup.stories-I6IU7NBs.js                  7.24 kB │ gzip:   2.27 kB
../../../../var/folders/rv/34p8c8q94hl6gkh6ntx0j6wm0000gn/T/chromatic--31845-1I1O3feI3hGi/assets/StatusBadge-CxSufYal.js                       7.38 kB │ gzip:   3.02 kB
../../../../var/folders/rv/34p8c8q94hl6gkh6ntx0j6wm0000gn/T/chromatic--31845-1I1O3feI3hGi/assets/SiteLayout-r8ez-0YW.js                        7.42 kB │ gzip:   2.78 kB
../../../../var/folders/rv/34p8c8q94hl6gkh6ntx0j6wm0000gn/T/chromatic--31845-1I1O3feI3hGi/assets/Button.stories-x2Go1N2p.js                    7.47 kB │ gzip:   1.72 kB
../../../../var/folders/rv/34p8c8q94hl6gkh6ntx0j6wm0000gn/T/chromatic--31845-1I1O3feI3hGi/assets/preview-BAz7FMXc.js                           7.62 kB │ gzip:   1.56 kB
../../../../var/folders/rv/34p8c8q94hl6gkh6ntx0j6wm0000gn/T/chromatic--31845-1I1O3feI3hGi/assets/preview-Db4Idchh.js                           8.11 kB │ gzip:   3.09 kB
../../../../var/folders/rv/34p8c8q94hl6gkh6ntx0j6wm0000gn/T/chromatic--31845-1I1O3feI3hGi/assets/useActions-DXEsN45y.js                        8.16 kB │ gzip:   2.71 kB
../../../../var/folders/rv/34p8c8q94hl6gkh6ntx0j6wm0000gn/T/chromatic--31845-1I1O3feI3hGi/assets/Toolbar-YL9kvAHU.js                           8.24 kB │ gzip:   2.84 kB
../../../../var/folders/rv/34p8c8q94hl6gkh6ntx0j6wm0000gn/T/chromatic--31845-1I1O3feI3hGi/assets/LinkCell.stories-CG0vCLXA.js                  8.60 kB │ gzip:   2.51 kB
../../../../var/folders/rv/34p8c8q94hl6gkh6ntx0j6wm0000gn/T/chromatic--31845-1I1O3feI3hGi/assets/CalendarView-CrxyyYhm.js                      8.92 kB │ gzip:   3.22 kB
../../../../var/folders/rv/34p8c8q94hl6gkh6ntx0j6wm0000gn/T/chromatic--31845-1I1O3feI3hGi/assets/PopupView-BqNgySUS.js                         9.21 kB │ gzip:   3.52 kB
../../../../var/folders/rv/34p8c8q94hl6gkh6ntx0j6wm0000gn/T/chromatic--31845-1I1O3feI3hGi/assets/TabbedButtonLayout.stories-DkBu_z4Y.js        9.65 kB │ gzip:   2.20 kB
../../../../var/folders/rv/34p8c8q94hl6gkh6ntx0j6wm0000gn/T/chromatic--31845-1I1O3feI3hGi/assets/Router.stories-CYIEN7RP.js                    9.86 kB │ gzip:   2.66 kB
../../../../var/folders/rv/34p8c8q94hl6gkh6ntx0j6wm0000gn/T/chromatic--31845-1I1O3feI3hGi/assets/SiteSidebar-BvKnVVN9.js                      10.76 kB │ gzip:   4.01 kB
../../../../var/folders/rv/34p8c8q94hl6gkh6ntx0j6wm0000gn/T/chromatic--31845-1I1O3feI3hGi/assets/Tabs-DcziDNl0.js                             11.13 kB │ gzip:   3.82 kB
../../../../var/folders/rv/34p8c8q94hl6gkh6ntx0j6wm0000gn/T/chromatic--31845-1I1O3feI3hGi/assets/useErrorAlert.stories-C63M4eut.js            11.67 kB │ gzip:   2.38 kB
../../../../var/folders/rv/34p8c8q94hl6gkh6ntx0j6wm0000gn/T/chromatic--31845-1I1O3feI3hGi/assets/ToolbarLayout.stories-CnhGERL-.js            12.61 kB │ gzip:   4.23 kB
../../../../var/folders/rv/34p8c8q94hl6gkh6ntx0j6wm0000gn/T/chromatic--31845-1I1O3feI3hGi/assets/FullScreenView.stories-Bvk9dFg5.js           13.76 kB │ gzip:   4.92 kB
../../../../var/folders/rv/34p8c8q94hl6gkh6ntx0j6wm0000gn/T/chromatic--31845-1I1O3feI3hGi/assets/LinkList.stories-CH9U0JqR.js                 15.92 kB │ gzip:   5.59 kB
../../../../var/folders/rv/34p8c8q94hl6gkh6ntx0j6wm0000gn/T/chromatic--31845-1I1O3feI3hGi/assets/storybook-qtClFGyd.js                        17.85 kB │ gzip:   7.42 kB
../../../../var/folders/rv/34p8c8q94hl6gkh6ntx0j6wm0000gn/T/chromatic--31845-1I1O3feI3hGi/assets/iframe-D85sGpe0.js                           26.06 kB │ gzip:   6.35 kB
../../../../var/folders/rv/34p8c8q94hl6gkh6ntx0j6wm0000gn/T/chromatic--31845-1I1O3feI3hGi/assets/styled-components.browser.esm-tpEyFsjZ.js    26.70 kB │ gzip:  10.31 kB
../../../../var/folders/rv/34p8c8q94hl6gkh6ntx0j6wm0000gn/T/chromatic--31845-1I1O3feI3hGi/assets/Color-PRSJMWNM-CzUbdhfv.js                   31.28 kB │ gzip:  11.91 kB
../../../../var/folders/rv/34p8c8q94hl6gkh6ntx0j6wm0000gn/T/chromatic--31845-1I1O3feI3hGi/assets/_getPrototype-DO1hp2SY.js                    78.93 kB │ gzip:  23.68 kB
../../../../var/folders/rv/34p8c8q94hl6gkh6ntx0j6wm0000gn/T/chromatic--31845-1I1O3feI3hGi/assets/index-BOkhicXD.js                           134.00 kB │ gzip:  43.17 kB
../../../../var/folders/rv/34p8c8q94hl6gkh6ntx0j6wm0000gn/T/chromatic--31845-1I1O3feI3hGi/assets/formatter-2WMMO6ZP-BxBMfMCK.js              210.91 kB │ gzip:  70.74 kB
../../../../var/folders/rv/34p8c8q94hl6gkh6ntx0j6wm0000gn/T/chromatic--31845-1I1O3feI3hGi/assets/entry-preview-docs-BudbST2Y.js              213.53 kB │ gzip:  66.96 kB
../../../../var/folders/rv/34p8c8q94hl6gkh6ntx0j6wm0000gn/T/chromatic--31845-1I1O3feI3hGi/assets/DocsRenderer-K4EAMTCU-Di-09HxL.js           618.73 kB │ gzip: 188.80 kB
✓ built in 4.49s
info => Preview built (4.89 s)
info => Output directory: /var/folders/rv/34p8c8q94hl6gkh6ntx0j6wm0000gn/T/chromatic--31845-1I1O3feI3hGi
